<?xml version="1.0" encoding="UTF-8"?>
<testng-results ignored="0" total="1" passed="1" failed="0" skipped="0">
  <reporter-output>
  </reporter-output>
  <suite started-at="2021-08-06T18:16:15 IST" name="Default suite" finished-at="2021-08-06T18:16:42 IST" duration-ms="26312">
    <groups>
    </groups>
    <test started-at="2021-08-06T18:16:15 IST" name="Default test" finished-at="2021-08-06T18:16:42 IST" duration-ms="26312">
      <class name="temp.product.ccart.tc.TC_HealthCheck">
        <test-method signature="t_01_cscart_search()[pri:0, instance:temp.product.ccart.tc.TC_HealthCheck@3911c2a7]" started-at="2021-08-06T18:16:15 IST" name="t_01_cscart_search" finished-at="2021-08-06T18:16:42 IST" duration-ms="26282" status="PASS">
          <reporter-output>
          </reporter-output>
        </test-method> <!-- t_01_cscart_search -->
      </class> <!-- temp.product.ccart.tc.TC_HealthCheck -->
    </test> <!-- Default test -->
  </suite> <!-- Default suite -->
</testng-results>
